<?xml version="1.0" encoding="UTF-8"?>
<!-- Generated by org.testng.reporters.JUnitXMLReporter -->
<testsuite ignored="0" hostname="DESKTOP-3AM1LTO" failures="0" tests="4" name="Test" time="0.721" errors="0" timestamp="2022-02-16T16:19:27 IST">
  <testcase classname="com.sauceDemo.TestClasses.BaseClass1" name="@BeforeMethod loginmethod" time="-1.645008565497E9">
    <failure type="org.testng.TestNGException" message="
Parameter &amp;apos;browserName&amp;apos; is required by BeforeMethod on method loginmethod but has not been marked @Optional or defined
in E:\pradip\SauceDemo1\testng.xml">
      <![CDATA[org.testng.TestNGException: 
Parameter 'browserName' is required by BeforeMethod on method loginmethod but has not been marked @Optional or defined
in E:\pradip\SauceDemo1\testng.xml
at java.base/java.util.concurrent.ThreadPoolExecutor.runWorker(ThreadPoolExecutor.java:1136)
at java.base/java.util.concurrent.ThreadPoolExecutor$Worker.run(ThreadPoolExecutor.java:635)
at java.base/java.lang.Thread.run(Thread.java:833)
... Removed 13 stack frames]]>
    </failure>
  </testcase> <!-- @BeforeMethod loginmethod -->
  <testcase classname="com.sauceDemo.TestClasses.BaseClass1" name="@AfterMethod teardown" time="-1.645008565574E9">
    <skipped/>
  </testcase> <!-- @AfterMethod teardown -->
  <testcase classname="com.sauceDemo.TestClasses.BaseClass1" name="@BeforeMethod loginmethod" time="-1.645008565945E9">
    <failure type="org.testng.TestNGException" message="
Parameter &amp;apos;browserName&amp;apos; is required by BeforeMethod on method loginmethod but has not been marked @Optional or defined
in E:\pradip\SauceDemo1\testng.xml">
      <![CDATA[org.testng.TestNGException: 
Parameter 'browserName' is required by BeforeMethod on method loginmethod but has not been marked @Optional or defined
in E:\pradip\SauceDemo1\testng.xml
at java.base/java.util.concurrent.ThreadPoolExecutor.runWorker(ThreadPoolExecutor.java:1136)
at java.base/java.util.concurrent.ThreadPoolExecutor$Worker.run(ThreadPoolExecutor.java:635)
at java.base/java.lang.Thread.run(Thread.java:833)
... Removed 13 stack frames]]>
    </failure>
  </testcase> <!-- @BeforeMethod loginmethod -->
  <testcase classname="com.sauceDemo.TestClasses.BaseClass1" name="@BeforeMethod loginmethod" time="-1.645008565945E9">
    <failure type="org.testng.TestNGException" message="
Parameter &amp;apos;browserName&amp;apos; is required by BeforeMethod on method loginmethod but has not been marked @Optional or defined
in E:\pradip\SauceDemo1\testng.xml">
      <![CDATA[org.testng.TestNGException: 
Parameter 'browserName' is required by BeforeMethod on method loginmethod but has not been marked @Optional or defined
in E:\pradip\SauceDemo1\testng.xml
at java.base/java.util.concurrent.ThreadPoolExecutor.runWorker(ThreadPoolExecutor.java:1136)
at java.base/java.util.concurrent.ThreadPoolExecutor$Worker.run(ThreadPoolExecutor.java:635)
at java.base/java.lang.Thread.run(Thread.java:833)
... Removed 13 stack frames]]>
    </failure>
  </testcase> <!-- @BeforeMethod loginmethod -->
  <testcase classname="com.sauceDemo.TestClasses.BaseClass1" name="@BeforeMethod loginmethod" time="-1.645008565946E9">
    <failure type="org.testng.TestNGException" message="
Parameter &amp;apos;browserName&amp;apos; is required by BeforeMethod on method loginmethod but has not been marked @Optional or defined
in E:\pradip\SauceDemo1\testng.xml">
      <![CDATA[org.testng.TestNGException: 
Parameter 'browserName' is required by BeforeMethod on method loginmethod but has not been marked @Optional or defined
in E:\pradip\SauceDemo1\testng.xml
at java.base/java.util.concurrent.ThreadPoolExecutor.runWorker(ThreadPoolExecutor.java:1136)
at java.base/java.util.concurrent.ThreadPoolExecutor$Worker.run(ThreadPoolExecutor.java:635)
at java.base/java.lang.Thread.run(Thread.java:833)
... Removed 13 stack frames]]>
    </failure>
  </testcase> <!-- @BeforeMethod loginmethod -->
  <testcase classname="com.sauceDemo.TestClasses.BaseClass1" name="@AfterMethod teardown" time="-1.645008565967E9">
    <skipped/>
  </testcase> <!-- @AfterMethod teardown -->
  <testcase classname="com.sauceDemo.TestClasses.BaseClass1" name="@AfterMethod teardown" time="-1.645008565965E9">
    <skipped/>
  </testcase> <!-- @AfterMethod teardown -->
  <testcase classname="com.sauceDemo.TestClasses.BaseClass1" name="@AfterMethod teardown" time="-1.645008565974E9">
    <skipped/>
  </testcase> <!-- @AfterMethod teardown -->
  <testcase classname="com.sauceDemo.TestClasses.TC02VerifyAddToCardFunctionality" name="addtocard" time="0.0">
    <skipped/>
  </testcase> <!-- addtocard -->
  <testcase classname="com.sauceDemo.TestClasses.TC01VerifyLoginFunctionanlity" name="verifylogin" time="0.0">
    <skipped/>
  </testcase> <!-- verifylogin -->
  <testcase classname="com.sauceDemo.TestClasses.TC03VerifyMenuBar" name="verifymenubar" time="0.0">
    <skipped/>
  </testcase> <!-- verifymenubar -->
  <testcase classname="com.sauceDemo.TestClasses.TC04VerifyLogoutFunctionality" name="Logoutfunctionality" time="0.0">
    <skipped/>
  </testcase> <!-- Logoutfunctionality -->
</testsuite> <!-- Test -->
