<?xml version="1.0" encoding="UTF-8"?>
<!-- Generated by org.testng.reporters.JUnitXMLReporter -->
<testsuite ignored="0" hostname="DESKTOP-3AM1LTO" failures="0" tests="1" name="Default test(failed)" time="0.08" errors="0" timestamp="2022-02-16T13:31:46 IST">
  <testcase classname="com.sauceDemo.TestClasses.BaseClass1" name="@BeforeMethod setUp" time="-1.644998505725E9">
    <failure type="org.testng.TestNGException" message="
Parameter &amp;apos;browserName&amp;apos; is required by BeforeMethod on method setUp but has not been marked @Optional or defined
in E:\pradip\SauceDemo1\test-output\testng-failed.xml">
      <![CDATA[org.testng.TestNGException: 
Parameter 'browserName' is required by BeforeMethod on method setUp but has not been marked @Optional or defined
in E:\pradip\SauceDemo1\test-output\testng-failed.xml
at java.base/java.util.ArrayList.forEach(ArrayList.java:1511)
... Removed 28 stack frames]]>
    </failure>
  </testcase> <!-- @BeforeMethod setUp -->
  <testcase classname="com.sauceDemo.TestClasses.BaseClass1" name="@AfterMethod teardown" time="-1.644998505752E9">
    <skipped/>
  </testcase> <!-- @AfterMethod teardown -->
  <testcase classname="com.sauceDemo.TestClasses.TC02VerifyAddToCardFunctionality" name="addtocard" time="0.0">
    <skipped/>
  </testcase> <!-- addtocard -->
</testsuite> <!-- Default test(failed) -->
