<?xml version="1.0" encoding="UTF-8"?>
<!-- Generated by org.testng.reporters.JUnitXMLReporter -->
<testsuite ignored="0" hostname="DESKTOP-3AM1LTO" failures="0" tests="4" name="Test(failed)" time="0.11" errors="0" timestamp="2022-02-16T13:34:13 IST">
  <testcase classname="com.sauceDemo.TestClasses.BaseClass1" name="@BeforeMethod setUp" time="-1.644998653232E9">
    <failure type="org.testng.TestNGException" message="
Parameter &amp;apos;browserName&amp;apos; is required by BeforeMethod on method setUp but has not been marked @Optional or defined
in E:\pradip\SauceDemo1\test-output\testng-failed.xml">
      <![CDATA[org.testng.TestNGException: 
Parameter 'browserName' is required by BeforeMethod on method setUp but has not been marked @Optional or defined
in E:\pradip\SauceDemo1\test-output\testng-failed.xml
at java.base/java.util.concurrent.ThreadPoolExecutor.runWorker(ThreadPoolExecutor.java:1136)
at java.base/java.util.concurrent.ThreadPoolExecutor$Worker.run(ThreadPoolExecutor.java:635)
at java.base/java.lang.Thread.run(Thread.java:833)
... Removed 13 stack frames]]>
    </failure>
  </testcase> <!-- @BeforeMethod setUp -->
  <testcase classname="com.sauceDemo.TestClasses.BaseClass1" name="@BeforeMethod setUp" time="-1.644998653249E9">
    <failure type="org.testng.TestNGException" message="
Parameter &amp;apos;browserName&amp;apos; is required by BeforeMethod on method setUp but has not been marked @Optional or defined
in E:\pradip\SauceDemo1\test-output\testng-failed.xml">
      <![CDATA[org.testng.TestNGException: 
Parameter 'browserName' is required by BeforeMethod on method setUp but has not been marked @Optional or defined
in E:\pradip\SauceDemo1\test-output\testng-failed.xml
at java.base/java.util.concurrent.ThreadPoolExecutor.runWorker(ThreadPoolExecutor.java:1136)
at java.base/java.util.concurrent.ThreadPoolExecutor$Worker.run(ThreadPoolExecutor.java:635)
at java.base/java.lang.Thread.run(Thread.java:833)
... Removed 13 stack frames]]>
    </failure>
  </testcase> <!-- @BeforeMethod setUp -->
  <testcase classname="com.sauceDemo.TestClasses.BaseClass1" name="@BeforeMethod setUp" time="-1.644998653248E9">
    <failure type="org.testng.TestNGException" message="
Parameter &amp;apos;browserName&amp;apos; is required by BeforeMethod on method setUp but has not been marked @Optional or defined
in E:\pradip\SauceDemo1\test-output\testng-failed.xml">
      <![CDATA[org.testng.TestNGException: 
Parameter 'browserName' is required by BeforeMethod on method setUp but has not been marked @Optional or defined
in E:\pradip\SauceDemo1\test-output\testng-failed.xml
at java.base/java.util.concurrent.ThreadPoolExecutor.runWorker(ThreadPoolExecutor.java:1136)
at java.base/java.util.concurrent.ThreadPoolExecutor$Worker.run(ThreadPoolExecutor.java:635)
at java.base/java.lang.Thread.run(Thread.java:833)
... Removed 13 stack frames]]>
    </failure>
  </testcase> <!-- @BeforeMethod setUp -->
  <testcase classname="com.sauceDemo.TestClasses.BaseClass1" name="@BeforeMethod setUp" time="-1.644998653248E9">
    <failure type="org.testng.TestNGException" message="
Parameter &amp;apos;browserName&amp;apos; is required by BeforeMethod on method setUp but has not been marked @Optional or defined
in E:\pradip\SauceDemo1\test-output\testng-failed.xml">
      <![CDATA[org.testng.TestNGException: 
Parameter 'browserName' is required by BeforeMethod on method setUp but has not been marked @Optional or defined
in E:\pradip\SauceDemo1\test-output\testng-failed.xml
at java.base/java.util.concurrent.ThreadPoolExecutor.runWorker(ThreadPoolExecutor.java:1136)
at java.base/java.util.concurrent.ThreadPoolExecutor$Worker.run(ThreadPoolExecutor.java:635)
at java.base/java.lang.Thread.run(Thread.java:833)
... Removed 13 stack frames]]>
    </failure>
  </testcase> <!-- @BeforeMethod setUp -->
  <testcase classname="com.sauceDemo.TestClasses.BaseClass1" name="@AfterMethod teardown" time="-1.644998653279E9">
    <skipped/>
  </testcase> <!-- @AfterMethod teardown -->
  <testcase classname="com.sauceDemo.TestClasses.BaseClass1" name="@AfterMethod teardown" time="-1.644998653276E9">
    <skipped/>
  </testcase> <!-- @AfterMethod teardown -->
  <testcase classname="com.sauceDemo.TestClasses.BaseClass1" name="@AfterMethod teardown" time="-1.644998653286E9">
    <skipped/>
  </testcase> <!-- @AfterMethod teardown -->
  <testcase classname="com.sauceDemo.TestClasses.BaseClass1" name="@AfterMethod teardown" time="-1.64499865329E9">
    <skipped/>
  </testcase> <!-- @AfterMethod teardown -->
  <testcase classname="com.sauceDemo.TestClasses.TC01VerifyLoginFunctionanlity" name="verifylogin" time="0.0">
    <skipped/>
  </testcase> <!-- verifylogin -->
  <testcase classname="com.sauceDemo.TestClasses.TC02VerifyAddToCardFunctionality" name="addtocard" time="0.0">
    <skipped/>
  </testcase> <!-- addtocard -->
  <testcase classname="com.sauceDemo.TestClasses.TC04VerifyLogoutFunctionality" name="Logoutfunctionality" time="0.0">
    <skipped/>
  </testcase> <!-- Logoutfunctionality -->
  <testcase classname="com.sauceDemo.TestClasses.TC03VerifyMenuBar" name="verifymenubar" time="0.0">
    <skipped/>
  </testcase> <!-- verifymenubar -->
</testsuite> <!-- Test(failed) -->
